{"level":"error","message":"process.send not defined.","service":"user-service"}
{"level":"error","message":"process.send not defined.","service":"user-service"}
{"level":"error","message":"process.send not defined.","service":"user-service"}
{"level":"error","message":"process.send not defined.","service":"user-service"}
{"code":"ENOTFOUND","hostname":"_mongodb._tcp.cluster0.ai5biiv\n            .mongodb.net","level":"error","service":"user-service","syscall":"querySrv"}
{"code":"ECONNREFUSED","hostname":"_mongodb._tcp.cluster0.ai5biiv.mongodb.net","level":"error","service":"user-service","syscall":"querySrv"}
{"code":"ECONNREFUSED","hostname":"_mongodb._tcp.cluster0.ai5biiv.mongodb.net","level":"error","service":"user-service","syscall":"querySrv"}
{"_message":"Log validation failed","errors":{"_id":{"kind":"ObjectId","message":"Cast to ObjectId failed for value \"48115\" (type number) at path \"_id\" because of \"BSONTypeError\"","name":"CastError","path":"_id","reason":{},"stringValue":"\"48115\"","value":48115,"valueType":"number"}},"level":"error","message":"Log validation failed: _id: Cast to ObjectId failed for value \"48115\" (type number) at path \"_id\" because of \"BSONTypeError\"","name":"ValidationError","service":"user-service"}
{"level":"error","service":"user-service"}
{"level":"error","service":"user-service"}
{"level":"error","service":"user-service"}
{"level":"error","service":"user-service"}
{"level":"error","service":"user-service"}
{"level":"error","service":"user-service"}
{"level":"error","service":"user-service"}
{"level":"error","service":"user-service"}
{"level":"error","service":"user-service"}
{"level":"error","service":"user-service"}
{"level":"error","service":"user-service"}
{"level":"error","service":"user-service"}
{"level":"error","service":"user-service"}
{"level":"error","service":"user-service"}
{"level":"error","service":"user-service"}
{"level":"error","service":"user-service"}
{"level":"error","service":"user-service"}
{"level":"error","service":"user-service"}
{"level":"error","service":"user-service"}
{"level":"error","service":"user-service"}
{"level":"error","service":"user-service"}
{"level":"error","service":"user-service"}
{"level":"error","service":"user-service"}
{"level":"error","service":"user-service"}
{"level":"error","service":"user-service"}
{"level":"error","service":"user-service"}
{"level":"error","service":"user-service"}
{"level":"error","service":"user-service"}
{"level":"error","service":"user-service"}
{"level":"error","service":"user-service"}
{"level":"error","service":"user-service"}
{"level":"error","service":"user-service"}
{"level":"error","service":"user-service"}
{"level":"error","service":"user-service"}
{"level":"error","service":"user-service"}
{"level":"error","service":"user-service"}
{"level":"error","service":"user-service"}
